Determining if files unistd.h exist failed with the following output:
Change Dir: S:/UPenn/OneDrive - PennO365/660/Authoring Tool/PBFluids/PBFluidsGL/Deps/CMakeFiles/CMakeScratch/TryCompile-c3cd4v

Run Build Command(s):C:/Program Files/Microsoft Visual Studio/2022/Preview/MSBuild/Current/Bin/amd64/MSBuild.exe cmTC_54e90.vcxproj /p:Configuration=Debug /p:Platform=x64 /p:VisualStudioVersion=17.0 /v:m && MSBuild version 17.6.0-preview-23122-03+f93b24b5a for .NET Framework

  Microsoft (R) C/C++ Optimizing Compiler Version 19.36.32502 for x64
  Copyright (C) Microsoft Corporation.  All rights reserved.
  HAVE_UNISTD_H.c
  cl /c /Zi /W3 /WX- /diagnostics:column /Od /Ob0 /D _MBCS /D WIN32 /D _WINDOWS /D "CMAKE_INTDIR=\"Debug\"" /Gm- /RTC1 /MDd /GS /fp:precise /Zc:wchar_t /Zc:forScope /Zc:inline /Fo"cmTC_54e90.dir\Debug\\" /Fd"cmTC_54e90.dir\Debug\vc143.pdb" /external:W3 /Gd /TC /errorReport:queue "S:\UPenn\OneDrive - PennO365\660\Authoring Tool\PBFluids\PBFluidsGL\Deps\CMakeFiles\CMakeScratch\TryCompile-c3cd4v\HAVE_UNISTD_H.c"
S:\UPenn\OneDrive - PennO365\660\Authoring Tool\PBFluids\PBFluidsGL\Deps\CMakeFiles\CMakeScratch\TryCompile-c3cd4v\HAVE_UNISTD_H.c(2,10): fatal  error C1083: Cannot open include file: 'unistd.h': No such file or directory [S:\UPenn\OneDrive - PennO365\660\Authoring Tool\PBFluids\PBFluidsGL\Deps\CMakeFiles\CMakeScratch\TryCompile-c3cd4v\cmTC_54e90.vcxproj]


Source:
/* */
#include <unistd.h>


int main(void){return 0;}

Determining if files sys/time.h exist failed with the following output:
Change Dir: S:/UPenn/OneDrive - PennO365/660/Authoring Tool/PBFluids/PBFluidsGL/Deps/CMakeFiles/CMakeScratch/TryCompile-10wkp7

Run Build Command(s):C:/Program Files/Microsoft Visual Studio/2022/Preview/MSBuild/Current/Bin/amd64/MSBuild.exe cmTC_da180.vcxproj /p:Configuration=Debug /p:Platform=x64 /p:VisualStudioVersion=17.0 /v:m && MSBuild version 17.6.0-preview-23122-03+f93b24b5a for .NET Framework

  Microsoft (R) C/C++ Optimizing Compiler Version 19.36.32502 for x64
  Copyright (C) Microsoft Corporation.  All rights reserved.
  HAVE_SYS_TIME_H.c
  cl /c /Zi /W3 /WX- /diagnostics:column /Od /Ob0 /D _MBCS /D WIN32 /D _WINDOWS /D "CMAKE_INTDIR=\"Debug\"" /Gm- /RTC1 /MDd /GS /fp:precise /Zc:wchar_t /Zc:forScope /Zc:inline /Fo"cmTC_da180.dir\Debug\\" /Fd"cmTC_da180.dir\Debug\vc143.pdb" /external:W3 /Gd /TC /errorReport:queue "S:\UPenn\OneDrive - PennO365\660\Authoring Tool\PBFluids\PBFluidsGL\Deps\CMakeFiles\CMakeScratch\TryCompile-10wkp7\HAVE_SYS_TIME_H.c"
S:\UPenn\OneDrive - PennO365\660\Authoring Tool\PBFluids\PBFluidsGL\Deps\CMakeFiles\CMakeScratch\TryCompile-10wkp7\HAVE_SYS_TIME_H.c(2,10): fatal  error C1083: Cannot open include file: 'sys/time.h': No such file or directory [S:\UPenn\OneDrive - PennO365\660\Authoring Tool\PBFluids\PBFluidsGL\Deps\CMakeFiles\CMakeScratch\TryCompile-10wkp7\cmTC_da180.vcxproj]


Source:
/* */
#include <sys/time.h>


int main(void){return 0;}

Determining if files sys/param.h exist failed with the following output:
Change Dir: S:/UPenn/OneDrive - PennO365/660/Authoring Tool/PBFluids/PBFluidsGL/Deps/CMakeFiles/CMakeScratch/TryCompile-wsuqit

Run Build Command(s):C:/Program Files/Microsoft Visual Studio/2022/Preview/MSBuild/Current/Bin/amd64/MSBuild.exe cmTC_166d4.vcxproj /p:Configuration=Debug /p:Platform=x64 /p:VisualStudioVersion=17.0 /v:m && MSBuild version 17.6.0-preview-23122-03+f93b24b5a for .NET Framework

  Microsoft (R) C/C++ Optimizing Compiler Version 19.36.32502 for x64
  Copyright (C) Microsoft Corporation.  All rights reserved.
  HAVE_SYS_PARAM_H.c
  cl /c /Zi /W3 /WX- /diagnostics:column /Od /Ob0 /D _MBCS /D WIN32 /D _WINDOWS /D "CMAKE_INTDIR=\"Debug\"" /Gm- /RTC1 /MDd /GS /fp:precise /Zc:wchar_t /Zc:forScope /Zc:inline /Fo"cmTC_166d4.dir\Debug\\" /Fd"cmTC_166d4.dir\Debug\vc143.pdb" /external:W3 /Gd /TC /errorReport:queue "S:\UPenn\OneDrive - PennO365\660\Authoring Tool\PBFluids\PBFluidsGL\Deps\CMakeFiles\CMakeScratch\TryCompile-wsuqit\HAVE_SYS_PARAM_H.c"
S:\UPenn\OneDrive - PennO365\660\Authoring Tool\PBFluids\PBFluidsGL\Deps\CMakeFiles\CMakeScratch\TryCompile-wsuqit\HAVE_SYS_PARAM_H.c(2,10): fatal  error C1083: Cannot open include file: 'sys/param.h': No such file or directory [S:\UPenn\OneDrive - PennO365\660\Authoring Tool\PBFluids\PBFluidsGL\Deps\CMakeFiles\CMakeScratch\TryCompile-wsuqit\cmTC_166d4.vcxproj]


Source:
/* */
#include <sys/param.h>


int main(void){return 0;}

Determining if files sys/ioctl.h exist failed with the following output:
Change Dir: S:/UPenn/OneDrive - PennO365/660/Authoring Tool/PBFluids/PBFluidsGL/Deps/CMakeFiles/CMakeScratch/TryCompile-gmy15f

Run Build Command(s):C:/Program Files/Microsoft Visual Studio/2022/Preview/MSBuild/Current/Bin/amd64/MSBuild.exe cmTC_24c02.vcxproj /p:Configuration=Debug /p:Platform=x64 /p:VisualStudioVersion=17.0 /v:m && MSBuild version 17.6.0-preview-23122-03+f93b24b5a for .NET Framework

  Microsoft (R) C/C++ Optimizing Compiler Version 19.36.32502 for x64
  Copyright (C) Microsoft Corporation.  All rights reserved.
  HAVE_SYS_IOCTL_H.c
S:\UPenn\OneDrive - PennO365\660\Authoring Tool\PBFluids\PBFluidsGL\Deps\CMakeFiles\CMakeScratch\TryCompile-gmy15f\HAVE_SYS_IOCTL_H.c(2,10): fatal  error C1083: Cannot open include file: 'sys/ioctl.h': No such file or directory [S:\UPenn\OneDrive - PennO365\660\Authoring Tool\PBFluids\PBFluidsGL\Deps\CMakeFiles\CMakeScratch\TryCompile-gmy15f\cmTC_24c02.vcxproj]
  cl /c /Zi /W3 /WX- /diagnostics:column /Od /Ob0 /D _MBCS /D WIN32 /D _WINDOWS /D "CMAKE_INTDIR=\"Debug\"" /Gm- /RTC1 /MDd /GS /fp:precise /Zc:wchar_t /Zc:forScope /Zc:inline /Fo"cmTC_24c02.dir\Debug\\" /Fd"cmTC_24c02.dir\Debug\vc143.pdb" /external:W3 /Gd /TC /errorReport:queue "S:\UPenn\OneDrive - PennO365\660\Authoring Tool\PBFluids\PBFluidsGL\Deps\CMakeFiles\CMakeScratch\TryCompile-gmy15f\HAVE_SYS_IOCTL_H.c"


Source:
/* */
#include <sys/ioctl.h>


int main(void){return 0;}

Determining if files usbhid.h exist failed with the following output:
Change Dir: S:/UPenn/OneDrive - PennO365/660/Authoring Tool/PBFluids/PBFluidsGL/Deps/CMakeFiles/CMakeScratch/TryCompile-jme8cu

Run Build Command(s):C:/Program Files/Microsoft Visual Studio/2022/Preview/MSBuild/Current/Bin/amd64/MSBuild.exe cmTC_283cf.vcxproj /p:Configuration=Debug /p:Platform=x64 /p:VisualStudioVersion=17.0 /v:m && MSBuild version 17.6.0-preview-23122-03+f93b24b5a for .NET Framework

  Microsoft (R) C/C++ Optimizing Compiler Version 19.36.32502 for x64
  Copyright (C) Microsoft Corporation.  All rights reserved.
  HAVE_USBHID_H.c
  cl /c /Zi /W3 /WX- /diagnostics:column /Od /Ob0 /D _MBCS /D WIN32 /D _WINDOWS /D "CMAKE_INTDIR=\"Debug\"" /Gm- /RTC1 /MDd /GS /fp:precise /Zc:wchar_t /Zc:forScope /Zc:inline /Fo"cmTC_283cf.dir\Debug\\" /Fd"cmTC_283cf.dir\Debug\vc143.pdb" /external:W3 /Gd /TC /errorReport:queue "S:\UPenn\OneDrive - PennO365\660\Authoring Tool\PBFluids\PBFluidsGL\Deps\CMakeFiles\CMakeScratch\TryCompile-jme8cu\HAVE_USBHID_H.c"
S:\UPenn\OneDrive - PennO365\660\Authoring Tool\PBFluids\PBFluidsGL\Deps\CMakeFiles\CMakeScratch\TryCompile-jme8cu\HAVE_USBHID_H.c(2,10): fatal  error C1083: Cannot open include file: 'usbhid.h': No such file or directory [S:\UPenn\OneDrive - PennO365\660\Authoring Tool\PBFluids\PBFluidsGL\Deps\CMakeFiles\CMakeScratch\TryCompile-jme8cu\cmTC_283cf.vcxproj]


Source:
/* */
#include <usbhid.h>


int main(void){return 0;}

Determining if the function gettimeofday exists failed with the following output:
Change Dir: S:/UPenn/OneDrive - PennO365/660/Authoring Tool/PBFluids/PBFluidsGL/Deps/CMakeFiles/CMakeScratch/TryCompile-mbmfas

Run Build Command(s):C:/Program Files/Microsoft Visual Studio/2022/Preview/MSBuild/Current/Bin/amd64/MSBuild.exe cmTC_ce2c3.vcxproj /p:Configuration=Debug /p:Platform=x64 /p:VisualStudioVersion=17.0 /v:m && MSBuild version 17.6.0-preview-23122-03+f93b24b5a for .NET Framework

  Microsoft (R) C/C++ Optimizing Compiler Version 19.36.32502 for x64
  Copyright (C) Microsoft Corporation.  All rights reserved.
  CheckFunctionExists.c
  cl /c /Zi /W3 /WX- /diagnostics:column /Od /Ob0 /D _MBCS /D WIN32 /D _WINDOWS /D CHECK_FUNCTION_EXISTS=gettimeofday /D "CMAKE_INTDIR=\"Debug\"" /Gm- /RTC1 /MDd /GS /fp:precise /Zc:wchar_t /Zc:forScope /Zc:inline /Fo"cmTC_ce2c3.dir\Debug\\" /Fd"cmTC_ce2c3.dir\Debug\vc143.pdb" /external:W3 /Gd /TC /errorReport:queue "S:\UPenn\OneDrive - PennO365\660\Authoring Tool\PBFluids\PBFluidsGL\Deps\CMakeFiles\CMakeScratch\TryCompile-mbmfas\CheckFunctionExists.c"
CheckFunctionExists.obj : error LNK2019: unresolved external symbol gettimeofday referenced in function main [S:\UPenn\OneDrive - PennO365\660\Authoring Tool\PBFluids\PBFluidsGL\Deps\CMakeFiles\CMakeScratch\TryCompile-mbmfas\cmTC_ce2c3.vcxproj]
S:\UPenn\OneDrive - PennO365\660\Authoring Tool\PBFluids\PBFluidsGL\Deps\CMakeFiles\CMakeScratch\TryCompile-mbmfas\Debug\cmTC_ce2c3.exe : fatal error LNK1120: 1 unresolved externals [S:\UPenn\OneDrive - PennO365\660\Authoring Tool\PBFluids\PBFluidsGL\Deps\CMakeFiles\CMakeScratch\TryCompile-mbmfas\cmTC_ce2c3.vcxproj]



Determining if the function XParseGeometry exists failed with the following output:
Change Dir: S:/UPenn/OneDrive - PennO365/660/Authoring Tool/PBFluids/PBFluidsGL/Deps/CMakeFiles/CMakeScratch/TryCompile-mrlywt

Run Build Command(s):C:/Program Files/Microsoft Visual Studio/2022/Preview/MSBuild/Current/Bin/amd64/MSBuild.exe cmTC_4eb4f.vcxproj /p:Configuration=Debug /p:Platform=x64 /p:VisualStudioVersion=17.0 /v:m && MSBuild version 17.6.0-preview-23122-03+f93b24b5a for .NET Framework

  Microsoft (R) C/C++ Optimizing Compiler Version 19.36.32502 for x64
  Copyright (C) Microsoft Corporation.  All rights reserved.
  CheckFunctionExists.c
  cl /c /Zi /W3 /WX- /diagnostics:column /Od /Ob0 /D _MBCS /D WIN32 /D _WINDOWS /D CHECK_FUNCTION_EXISTS=XParseGeometry /D "CMAKE_INTDIR=\"Debug\"" /Gm- /RTC1 /MDd /GS /fp:precise /Zc:wchar_t /Zc:forScope /Zc:inline /Fo"cmTC_4eb4f.dir\Debug\\" /Fd"cmTC_4eb4f.dir\Debug\vc143.pdb" /external:W3 /Gd /TC /errorReport:queue "S:\UPenn\OneDrive - PennO365\660\Authoring Tool\PBFluids\PBFluidsGL\Deps\CMakeFiles\CMakeScratch\TryCompile-mrlywt\CheckFunctionExists.c"
CheckFunctionExists.obj : error LNK2019: unresolved external symbol XParseGeometry referenced in function main [S:\UPenn\OneDrive - PennO365\660\Authoring Tool\PBFluids\PBFluidsGL\Deps\CMakeFiles\CMakeScratch\TryCompile-mrlywt\cmTC_4eb4f.vcxproj]
S:\UPenn\OneDrive - PennO365\660\Authoring Tool\PBFluids\PBFluidsGL\Deps\CMakeFiles\CMakeScratch\TryCompile-mrlywt\Debug\cmTC_4eb4f.exe : fatal error LNK1120: 1 unresolved externals [S:\UPenn\OneDrive - PennO365\660\Authoring Tool\PBFluids\PBFluidsGL\Deps\CMakeFiles\CMakeScratch\TryCompile-mrlywt\cmTC_4eb4f.vcxproj]



