Determining if files unistd.h exist failed with the following output:
Change Dir: S:/UPenn/OneDrive - PennO365/660/Authoring Tool/PBFluids/PBFluids/Deps/CMakeFiles/CMakeScratch/TryCompile-hp7uf7

Run Build Command(s):C:/Program Files/Microsoft Visual Studio/2022/Preview/MSBuild/Current/Bin/amd64/MSBuild.exe cmTC_27284.vcxproj /p:Configuration=Debug /p:Platform=x64 /p:VisualStudioVersion=17.0 /v:m && MSBuild version 17.6.0-preview-23122-03+f93b24b5a for .NET Framework

  Microsoft (R) C/C++ Optimizing Compiler Version 19.36.32502 for x64
  HAVE_UNISTD_H.c
  Copyright (C) Microsoft Corporation.  All rights reserved.
  cl /c /Zi /W3 /WX- /diagnostics:column /Od /Ob0 /D _MBCS /D WIN32 /D _WINDOWS /D "CMAKE_INTDIR=\"Debug\"" /Gm- /RTC1 /MDd /GS /fp:precise /Zc:wchar_t /Zc:forScope /Zc:inline /Fo"cmTC_27284.dir\Debug\\" /Fd"cmTC_27284.dir\Debug\vc143.pdb" /external:W3 /Gd /TC /errorReport:queue "S:\UPenn\OneDrive - PennO365\660\Authoring Tool\PBFluids\PBFluids\Deps\CMakeFiles\CMakeScratch\TryCompile-hp7uf7\HAVE_UNISTD_H.c"
S:\UPenn\OneDrive - PennO365\660\Authoring Tool\PBFluids\PBFluids\Deps\CMakeFiles\CMakeScratch\TryCompile-hp7uf7\HAVE_UNISTD_H.c(2,10): fatal  error C1083: Cannot open include file: 'unistd.h': No such file or directory [S:\UPenn\OneDrive - PennO365\660\Authoring Tool\PBFluids\PBFluids\Deps\CMakeFiles\CMakeScratch\TryCompile-hp7uf7\cmTC_27284.vcxproj]


Source:
/* */
#include <unistd.h>


int main(void){return 0;}

Determining if files sys/time.h exist failed with the following output:
Change Dir: S:/UPenn/OneDrive - PennO365/660/Authoring Tool/PBFluids/PBFluids/Deps/CMakeFiles/CMakeScratch/TryCompile-ky3n95

Run Build Command(s):C:/Program Files/Microsoft Visual Studio/2022/Preview/MSBuild/Current/Bin/amd64/MSBuild.exe cmTC_27e91.vcxproj /p:Configuration=Debug /p:Platform=x64 /p:VisualStudioVersion=17.0 /v:m && MSBuild version 17.6.0-preview-23122-03+f93b24b5a for .NET Framework

  Microsoft (R) C/C++ Optimizing Compiler Version 19.36.32502 for x64
  HAVE_SYS_TIME_H.c
  Copyright (C) Microsoft Corporation.  All rights reserved.
  cl /c /Zi /W3 /WX- /diagnostics:column /Od /Ob0 /D _MBCS /D WIN32 /D _WINDOWS /D "CMAKE_INTDIR=\"Debug\"" /Gm- /RTC1 /MDd /GS /fp:precise /Zc:wchar_t /Zc:forScope /Zc:inline /Fo"cmTC_27e91.dir\Debug\\" /Fd"cmTC_27e91.dir\Debug\vc143.pdb" /external:W3 /Gd /TC /errorReport:queue "S:\UPenn\OneDrive - PennO365\660\Authoring Tool\PBFluids\PBFluids\Deps\CMakeFiles\CMakeScratch\TryCompile-ky3n95\HAVE_SYS_TIME_H.c"
S:\UPenn\OneDrive - PennO365\660\Authoring Tool\PBFluids\PBFluids\Deps\CMakeFiles\CMakeScratch\TryCompile-ky3n95\HAVE_SYS_TIME_H.c(2,10): fatal  error C1083: Cannot open include file: 'sys/time.h': No such file or directory [S:\UPenn\OneDrive - PennO365\660\Authoring Tool\PBFluids\PBFluids\Deps\CMakeFiles\CMakeScratch\TryCompile-ky3n95\cmTC_27e91.vcxproj]


Source:
/* */
#include <sys/time.h>


int main(void){return 0;}

Determining if files sys/param.h exist failed with the following output:
Change Dir: S:/UPenn/OneDrive - PennO365/660/Authoring Tool/PBFluids/PBFluids/Deps/CMakeFiles/CMakeScratch/TryCompile-tkvhqn

Run Build Command(s):C:/Program Files/Microsoft Visual Studio/2022/Preview/MSBuild/Current/Bin/amd64/MSBuild.exe cmTC_4d348.vcxproj /p:Configuration=Debug /p:Platform=x64 /p:VisualStudioVersion=17.0 /v:m && MSBuild version 17.6.0-preview-23122-03+f93b24b5a for .NET Framework

  Microsoft (R) C/C++ Optimizing Compiler Version 19.36.32502 for x64
  HAVE_SYS_PARAM_H.c
  Copyright (C) Microsoft Corporation.  All rights reserved.
  cl /c /Zi /W3 /WX- /diagnostics:column /Od /Ob0 /D _MBCS /D WIN32 /D _WINDOWS /D "CMAKE_INTDIR=\"Debug\"" /Gm- /RTC1 /MDd /GS /fp:precise /Zc:wchar_t /Zc:forScope /Zc:inline /Fo"cmTC_4d348.dir\Debug\\" /Fd"cmTC_4d348.dir\Debug\vc143.pdb" /external:W3 /Gd /TC /errorReport:queue "S:\UPenn\OneDrive - PennO365\660\Authoring Tool\PBFluids\PBFluids\Deps\CMakeFiles\CMakeScratch\TryCompile-tkvhqn\HAVE_SYS_PARAM_H.c"
S:\UPenn\OneDrive - PennO365\660\Authoring Tool\PBFluids\PBFluids\Deps\CMakeFiles\CMakeScratch\TryCompile-tkvhqn\HAVE_SYS_PARAM_H.c(2,10): fatal  error C1083: Cannot open include file: 'sys/param.h': No such file or directory [S:\UPenn\OneDrive - PennO365\660\Authoring Tool\PBFluids\PBFluids\Deps\CMakeFiles\CMakeScratch\TryCompile-tkvhqn\cmTC_4d348.vcxproj]


Source:
/* */
#include <sys/param.h>


int main(void){return 0;}

Determining if files sys/ioctl.h exist failed with the following output:
Change Dir: S:/UPenn/OneDrive - PennO365/660/Authoring Tool/PBFluids/PBFluids/Deps/CMakeFiles/CMakeScratch/TryCompile-0mryw0

Run Build Command(s):C:/Program Files/Microsoft Visual Studio/2022/Preview/MSBuild/Current/Bin/amd64/MSBuild.exe cmTC_b2525.vcxproj /p:Configuration=Debug /p:Platform=x64 /p:VisualStudioVersion=17.0 /v:m && MSBuild version 17.6.0-preview-23122-03+f93b24b5a for .NET Framework

  Microsoft (R) C/C++ Optimizing Compiler Version 19.36.32502 for x64
  HAVE_SYS_IOCTL_H.c
  Copyright (C) Microsoft Corporation.  All rights reserved.
  cl /c /Zi /W3 /WX- /diagnostics:column /Od /Ob0 /D _MBCS /D WIN32 /D _WINDOWS /D "CMAKE_INTDIR=\"Debug\"" /Gm- /RTC1 /MDd /GS /fp:precise /Zc:wchar_t /Zc:forScope /Zc:inline /Fo"cmTC_b2525.dir\Debug\\" /Fd"cmTC_b2525.dir\Debug\vc143.pdb" /external:W3 /Gd /TC /errorReport:queue "S:\UPenn\OneDrive - PennO365\660\Authoring Tool\PBFluids\PBFluids\Deps\CMakeFiles\CMakeScratch\TryCompile-0mryw0\HAVE_SYS_IOCTL_H.c"
S:\UPenn\OneDrive - PennO365\660\Authoring Tool\PBFluids\PBFluids\Deps\CMakeFiles\CMakeScratch\TryCompile-0mryw0\HAVE_SYS_IOCTL_H.c(2,10): fatal  error C1083: Cannot open include file: 'sys/ioctl.h': No such file or directory [S:\UPenn\OneDrive - PennO365\660\Authoring Tool\PBFluids\PBFluids\Deps\CMakeFiles\CMakeScratch\TryCompile-0mryw0\cmTC_b2525.vcxproj]


Source:
/* */
#include <sys/ioctl.h>


int main(void){return 0;}

Determining if files usbhid.h exist failed with the following output:
Change Dir: S:/UPenn/OneDrive - PennO365/660/Authoring Tool/PBFluids/PBFluids/Deps/CMakeFiles/CMakeScratch/TryCompile-vlk85r

Run Build Command(s):C:/Program Files/Microsoft Visual Studio/2022/Preview/MSBuild/Current/Bin/amd64/MSBuild.exe cmTC_2a1c7.vcxproj /p:Configuration=Debug /p:Platform=x64 /p:VisualStudioVersion=17.0 /v:m && MSBuild version 17.6.0-preview-23122-03+f93b24b5a for .NET Framework

  Microsoft (R) C/C++ Optimizing Compiler Version 19.36.32502 for x64
  HAVE_USBHID_H.c
  Copyright (C) Microsoft Corporation.  All rights reserved.
  cl /c /Zi /W3 /WX- /diagnostics:column /Od /Ob0 /D _MBCS /D WIN32 /D _WINDOWS /D "CMAKE_INTDIR=\"Debug\"" /Gm- /RTC1 /MDd /GS /fp:precise /Zc:wchar_t /Zc:forScope /Zc:inline /Fo"cmTC_2a1c7.dir\Debug\\" /Fd"cmTC_2a1c7.dir\Debug\vc143.pdb" /external:W3 /Gd /TC /errorReport:queue "S:\UPenn\OneDrive - PennO365\660\Authoring Tool\PBFluids\PBFluids\Deps\CMakeFiles\CMakeScratch\TryCompile-vlk85r\HAVE_USBHID_H.c"
S:\UPenn\OneDrive - PennO365\660\Authoring Tool\PBFluids\PBFluids\Deps\CMakeFiles\CMakeScratch\TryCompile-vlk85r\HAVE_USBHID_H.c(2,10): fatal  error C1083: Cannot open include file: 'usbhid.h': No such file or directory [S:\UPenn\OneDrive - PennO365\660\Authoring Tool\PBFluids\PBFluids\Deps\CMakeFiles\CMakeScratch\TryCompile-vlk85r\cmTC_2a1c7.vcxproj]


Source:
/* */
#include <usbhid.h>


int main(void){return 0;}

Determining if the function gettimeofday exists failed with the following output:
Change Dir: S:/UPenn/OneDrive - PennO365/660/Authoring Tool/PBFluids/PBFluids/Deps/CMakeFiles/CMakeScratch/TryCompile-kp1bxy

Run Build Command(s):C:/Program Files/Microsoft Visual Studio/2022/Preview/MSBuild/Current/Bin/amd64/MSBuild.exe cmTC_c6f63.vcxproj /p:Configuration=Debug /p:Platform=x64 /p:VisualStudioVersion=17.0 /v:m && MSBuild version 17.6.0-preview-23122-03+f93b24b5a for .NET Framework

  Microsoft (R) C/C++ Optimizing Compiler Version 19.36.32502 for x64
  CheckFunctionExists.c
  Copyright (C) Microsoft Corporation.  All rights reserved.
  cl /c /Zi /W3 /WX- /diagnostics:column /Od /Ob0 /D _MBCS /D WIN32 /D _WINDOWS /D CHECK_FUNCTION_EXISTS=gettimeofday /D "CMAKE_INTDIR=\"Debug\"" /Gm- /RTC1 /MDd /GS /fp:precise /Zc:wchar_t /Zc:forScope /Zc:inline /Fo"cmTC_c6f63.dir\Debug\\" /Fd"cmTC_c6f63.dir\Debug\vc143.pdb" /external:W3 /Gd /TC /errorReport:queue "S:\UPenn\OneDrive - PennO365\660\Authoring Tool\PBFluids\PBFluids\Deps\CMakeFiles\CMakeScratch\TryCompile-kp1bxy\CheckFunctionExists.c"
CheckFunctionExists.obj : error LNK2019: unresolved external symbol gettimeofday referenced in function main [S:\UPenn\OneDrive - PennO365\660\Authoring Tool\PBFluids\PBFluids\Deps\CMakeFiles\CMakeScratch\TryCompile-kp1bxy\cmTC_c6f63.vcxproj]
S:\UPenn\OneDrive - PennO365\660\Authoring Tool\PBFluids\PBFluids\Deps\CMakeFiles\CMakeScratch\TryCompile-kp1bxy\Debug\cmTC_c6f63.exe : fatal error LNK1120: 1 unresolved externals [S:\UPenn\OneDrive - PennO365\660\Authoring Tool\PBFluids\PBFluids\Deps\CMakeFiles\CMakeScratch\TryCompile-kp1bxy\cmTC_c6f63.vcxproj]



Determining if the function XParseGeometry exists failed with the following output:
Change Dir: S:/UPenn/OneDrive - PennO365/660/Authoring Tool/PBFluids/PBFluids/Deps/CMakeFiles/CMakeScratch/TryCompile-kmk3ih

Run Build Command(s):C:/Program Files/Microsoft Visual Studio/2022/Preview/MSBuild/Current/Bin/amd64/MSBuild.exe cmTC_4e568.vcxproj /p:Configuration=Debug /p:Platform=x64 /p:VisualStudioVersion=17.0 /v:m && MSBuild version 17.6.0-preview-23122-03+f93b24b5a for .NET Framework

  Microsoft (R) C/C++ Optimizing Compiler Version 19.36.32502 for x64
  CheckFunctionExists.c
  Copyright (C) Microsoft Corporation.  All rights reserved.
  cl /c /Zi /W3 /WX- /diagnostics:column /Od /Ob0 /D _MBCS /D WIN32 /D _WINDOWS /D CHECK_FUNCTION_EXISTS=XParseGeometry /D "CMAKE_INTDIR=\"Debug\"" /Gm- /RTC1 /MDd /GS /fp:precise /Zc:wchar_t /Zc:forScope /Zc:inline /Fo"cmTC_4e568.dir\Debug\\" /Fd"cmTC_4e568.dir\Debug\vc143.pdb" /external:W3 /Gd /TC /errorReport:queue "S:\UPenn\OneDrive - PennO365\660\Authoring Tool\PBFluids\PBFluids\Deps\CMakeFiles\CMakeScratch\TryCompile-kmk3ih\CheckFunctionExists.c"
CheckFunctionExists.obj : error LNK2019: unresolved external symbol XParseGeometry referenced in function main [S:\UPenn\OneDrive - PennO365\660\Authoring Tool\PBFluids\PBFluids\Deps\CMakeFiles\CMakeScratch\TryCompile-kmk3ih\cmTC_4e568.vcxproj]
S:\UPenn\OneDrive - PennO365\660\Authoring Tool\PBFluids\PBFluids\Deps\CMakeFiles\CMakeScratch\TryCompile-kmk3ih\Debug\cmTC_4e568.exe : fatal error LNK1120: 1 unresolved externals [S:\UPenn\OneDrive - PennO365\660\Authoring Tool\PBFluids\PBFluids\Deps\CMakeFiles\CMakeScratch\TryCompile-kmk3ih\cmTC_4e568.vcxproj]



